        -:    0:Source:Collatz.c++
        -:    0:Graph:Collatz.gcno
        -:    0:Data:Collatz.gcda
        -:    0:Runs:1
        -:    0:Programs:1
        -:    1:// ----------------------------
        -:    2:// projects/collatz/Collatz.c++
        -:    3:// Copyright (C) 2016
        -:    4:// Glenn P. Downing
        -:    5:// ----------------------------
        -:    6:
        -:    7:// --------
        -:    8:// includes
        -:    9:// --------
        -:   10:
        -:   11:#include <cassert>  // assert
        -:   12:#include <iostream> // endl, istream, ostream
        -:   13:
        -:   14:#include "Collatz.h"
        -:   15:
        -:   16:using namespace std;
        -:   17:
        -:   18:// ------------
        -:   19:// collatz_read
        -:   20:// ------------
        -:   21:
function _Z12collatz_readRSiRiS0_ called 6 returned 100% blocks executed 100%
        6:   22:bool collatz_read (istream& r, int& i, int& j) {
        6:   23:    if (!(r >> i))
call    0 returned 100%
call    1 returned 100%
branch  2 taken 17% (fallthrough)
branch  3 taken 83%
        1:   24:        return false;
        5:   25:    r >> j;
call    0 returned 100%
        5:   26:    return true;}
        -:   27:
        -:   28:// ------------
        -:   29:// cycle_length
        -:   30:// ------------
        -:   31:
function _Z12cycle_lengthi called 444 returned 100% blocks executed 100%
      444:   32:int cycle_length (int n){
      444:   33:    int c = 1;
    50684:   34:    while (n>1){
branch  0 taken 98% (fallthrough)
branch  1 taken 2%
    25120:   35:	if ((n%2) == 0)
branch  0 taken 67% (fallthrough)
branch  1 taken 33%
    16850:   36:	    n = (n / 2);
        -:   37:	else
     8270:   38:	    n = (3 * n) + 1;
    25120:   39:	++c;} 
      444:   40:    return c;}
        -:   41:
        -:   42:// ------------
        -:   43:// collatz_eval
        -:   44:// ------------
        -:   45:
function _Z12collatz_evalii called 8 returned 100% blocks executed 100%
        8:   46:int collatz_eval (int i, int j) {
        8:   47:    int maxLen = 0;
      452:   48:    for (int val = i; val <= j; val++){
branch  0 taken 98% (fallthrough)
branch  1 taken 2%
      444:   49:    	int thisLen = cycle_length(val);
call    0 returned 100%
      444:   50:	if (thisLen > maxLen){
branch  0 taken 9% (fallthrough)
branch  1 taken 91%
       40:   51:	    maxLen = thisLen;
        -:   52:	}
        -:   53:    }
        8:   54:    return maxLen;}
        -:   55:
        -:   56:// -------------
        -:   57:// collatz_print
        -:   58:// -------------
        -:   59:
function _Z13collatz_printRSoiii called 5 returned 100% blocks executed 100%
        5:   60:void collatz_print (ostream& w, int i, int j, int v) {
        5:   61:    w << i << " " << j << " " << v << endl;}
call    0 returned 100%
call    1 returned 100%
call    2 returned 100%
call    3 returned 100%
call    4 returned 100%
call    5 returned 100%
        -:   62:
        -:   63:// -------------
        -:   64:// collatz_solve
        -:   65:// -------------
        -:   66:
function _Z13collatz_solveRSiRSo called 1 returned 100% blocks executed 100%
        5:   67:void collatz_solve (istream& r, ostream& w) {
        -:   68:    int i;
        -:   69:    int j;
        9:   70:    while (collatz_read(r, i, j)) {
call    0 returned 100%
branch  1 taken 100% (fallthrough)
branch  2 taken 0% (throw)
branch  3 taken 80% (fallthrough)
branch  4 taken 20%
        4:   71:        const int v = collatz_eval(i, j);
call    0 returned 100%
function _GLOBAL__sub_I__Z12collatz_readRSiRiS0_ called 1 returned 100% blocks executed 100%
function _Z41__static_initialization_and_destruction_0ii called 1 returned 100% blocks executed 100%
        8:   72:        collatz_print(w, i, j, v);}}
call    0 returned 100%
branch  1 taken 100% (fallthrough)
branch  2 taken 0%
branch  3 taken 100% (fallthrough)
branch  4 taken 0%
call    5 returned 100%
branch  6 taken 100% (fallthrough)
branch  7 taken 0% (throw)
